[0807/211908.442:ERROR:process_reader_win.cc(123)] NtOpenThread: {Access Denied} A process has requested access to an object, but has not been granted those access rights. (0xc0000022)
[0807/211908.454:ERROR:process_reader_win.cc(123)] NtOpenThread: {Access Denied} A process has requested access to an object, but has not been granted those access rights. (0xc0000022)
[0807/211908.445:ERROR:process_reader_win.cc(123)] NtOpenThread: {Access Denied} A process has requested access to an object, but has not been granted those access rights. (0xc0000022)
[0807/211908.470:ERROR:exception_snapshot_win.cc(98)] thread ID 9992 not found in process
[0807/211908.470:ERROR:exception_snapshot_win.cc(98)] thread ID 8404 not found in process
[0807/211908.470:ERROR:exception_snapshot_win.cc(98)] thread ID 5964 not found in process
[0809/005205.199:ERROR:process_reader_win.cc(151)] SuspendThread: Access is denied. (0x5)
[0809/005205.199:ERROR:process_reader_win.cc(151)] SuspendThread: Access is denied. (0x5)
[0809/005205.271:ERROR:process_reader_win.cc(151)] SuspendThread: Access is denied. (0x5)
[0809/005205.271:ERROR:process_reader_win.cc(123)] NtOpenThread: {Access Denied} A process has requested access to an object, but has not been granted those access rights. (0xc0000022)
[0809/005205.271:ERROR:process_reader_win.cc(123)] NtOpenThread: An invalid Client ID was specified. (0xc000000b)
[0809/005205.271:ERROR:process_reader_win.cc(123)] NtOpenThread: An invalid Client ID was specified. (0xc000000b)
[0809/005205.271:ERROR:exception_snapshot_win.cc(98)] thread ID 8300 not found in process
[0809/005205.231:ERROR:process_reader_win.cc(123)] NtOpenThread: {Access Denied} A process has requested access to an object, but has not been granted those access rights. (0xc0000022)
[0809/005205.271:ERROR:exception_snapshot_win.cc(98)] thread ID 6312 not found in process
[0809/005205.271:ERROR:exception_snapshot_win.cc(98)] thread ID 8432 not found in process
[0809/005205.271:ERROR:scoped_process_suspend.cc(40)] NtResumeProcess: An attempt was made to access an exiting process. (0xc000010a)
[0821/023954.201:ERROR:process_reader_win.cc(123)] NtOpenThread: {Access Denied} A process has requested access to an object, but has not been granted those access rights. (0xc0000022)
[0821/023954.309:ERROR:exception_snapshot_win.cc(98)] thread ID 2236 not found in process
[0821/023954.329:ERROR:process_reader_win.cc(123)] NtOpenThread: {Access Denied} A process has requested access to an object, but has not been granted those access rights. (0xc0000022)
[0821/023954.329:ERROR:exception_snapshot_win.cc(98)] thread ID 6200 not found in process
[0821/023955.439:ERROR:process_reader_win.cc(123)] NtOpenThread: {Access Denied} A process has requested access to an object, but has not been granted those access rights. (0xc0000022)
[0821/023955.439:ERROR:exception_snapshot_win.cc(98)] thread ID 11636 not found in process
[0821/033027.650:ERROR:process_reader_win.cc(151)] SuspendThread: Access is denied. (0x5)
[0821/033027.650:ERROR:process_reader_win.cc(123)] NtOpenThread: {Access Denied} A process has requested access to an object, but has not been granted those access rights. (0xc0000022)
[0821/033027.650:ERROR:process_reader_win.cc(123)] NtOpenThread: {Access Denied} A process has requested access to an object, but has not been granted those access rights. (0xc0000022)
[0821/033027.650:ERROR:process_reader_win.cc(123)] NtOpenThread: {Access Denied} A process has requested access to an object, but has not been granted those access rights. (0xc0000022)
[0821/033027.650:ERROR:process_reader_win.cc(123)] NtOpenThread: {Access Denied} A process has requested access to an object, but has not been granted those access rights. (0xc0000022)
[0821/033027.798:ERROR:exception_snapshot_win.cc(98)] thread ID 15124 not found in process
[0821/033027.799:ERROR:exception_snapshot_win.cc(98)] thread ID 15120 not found in process
[0821/033027.799:ERROR:exception_snapshot_win.cc(98)] thread ID 15112 not found in process
[0821/033027.650:ERROR:process_reader_win.cc(123)] NtOpenThread: {Access Denied} A process has requested access to an object, but has not been granted those access rights. (0xc0000022)
[0821/033027.799:ERROR:exception_snapshot_win.cc(98)] thread ID 15108 not found in process
[0821/033027.650:ERROR:process_reader_win.cc(123)] NtOpenThread: {Access Denied} A process has requested access to an object, but has not been granted those access rights. (0xc0000022)
[0821/033027.799:ERROR:process_reader_win.cc(123)] NtOpenThread: {Access Denied} A process has requested access to an object, but has not been granted those access rights. (0xc0000022)
[0821/033027.871:ERROR:exception_snapshot_win.cc(98)] thread ID 15140 not found in process
[0821/033027.872:ERROR:exception_snapshot_win.cc(98)] thread ID 15128 not found in process
[0821/033027.872:ERROR:exception_snapshot_win.cc(98)] thread ID 15132 not found in process
[0821/033027.871:ERROR:scoped_process_suspend.cc(40)] NtResumeProcess: An attempt was made to access an exiting process. (0xc000010a)
[0821/033027.954:ERROR:process_reader_win.cc(123)] NtOpenThread: {Access Denied} A process has requested access to an object, but has not been granted those access rights. (0xc0000022)
[0821/033027.954:ERROR:exception_snapshot_win.cc(98)] thread ID 15156 not found in process
[0821/033027.955:ERROR:process_reader_win.cc(123)] NtOpenThread: {Access Denied} A process has requested access to an object, but has not been granted those access rights. (0xc0000022)
[0821/033027.955:ERROR:exception_snapshot_win.cc(98)] thread ID 15144 not found in process
[0821/042344.419:ERROR:process_reader_win.cc(123)] NtOpenThread: {Access Denied} A process has requested access to an object, but has not been granted those access rights. (0xc0000022)
[0821/042344.419:ERROR:process_reader_win.cc(123)] NtOpenThread: {Access Denied} A process has requested access to an object, but has not been granted those access rights. (0xc0000022)
[0821/042344.798:ERROR:exception_snapshot_win.cc(98)] thread ID 8048 not found in process
[0821/042344.798:ERROR:exception_snapshot_win.cc(98)] thread ID 14072 not found in process
[0821/224443.217:ERROR:process_reader_win.cc(123)] NtOpenThread: {Access Denied} A process has requested access to an object, but has not been granted those access rights. (0xc0000022)
[0821/224443.392:ERROR:exception_snapshot_win.cc(98)] thread ID 22432 not found in process
[0821/224443.792:ERROR:process_reader_win.cc(151)] SuspendThread: Access is denied. (0x5)
[0821/224443.965:ERROR:process_reader_win.cc(123)] NtOpenThread: {Access Denied} A process has requested access to an object, but has not been granted those access rights. (0xc0000022)
[0821/224443.965:ERROR:exception_snapshot_win.cc(98)] thread ID 13928 not found in process
[0821/225341.920:ERROR:process_reader_win.cc(123)] NtOpenThread: {Access Denied} A process has requested access to an object, but has not been granted those access rights. (0xc0000022)
[0821/225341.920:ERROR:process_reader_win.cc(123)] NtOpenThread: {Access Denied} A process has requested access to an object, but has not been granted those access rights. (0xc0000022)
[0821/225341.920:ERROR:process_reader_win.cc(123)] NtOpenThread: {Access Denied} A process has requested access to an object, but has not been granted those access rights. (0xc0000022)
[0821/225342.008:ERROR:exception_snapshot_win.cc(98)] thread ID 16796 not found in process
[0821/225342.009:ERROR:exception_snapshot_win.cc(98)] thread ID 1568 not found in process
[0821/225342.009:ERROR:exception_snapshot_win.cc(98)] thread ID 11220 not found in process
[0821/225734.940:ERROR:process_info.cc(329)] VirtualQueryEx: Access is denied. (0x5)
[0821/225734.941:ERROR:process_info.cc(556)] ReadMemoryInfo failed
[0821/225734.941:ERROR:process_memory_win.cc(39)] Failed to initialize ProcessInfo.
[0821/225734.945:ERROR:process_reader_win.cc(151)] SuspendThread: Access is denied. (0x5)
[0821/225734.942:ERROR:scoped_process_suspend.cc(40)] NtResumeProcess: An attempt was made to access an exiting process. (0xc000010a)
[0821/225734.945:ERROR:process_reader_win.cc(123)] NtOpenThread: {Access Denied} A process has requested access to an object, but has not been granted those access rights. (0xc0000022)
[0821/225734.950:ERROR:exception_snapshot_win.cc(98)] thread ID 7216 not found in process
[0825/022833.258:ERROR:file_io.cc(89)] ReadExactly: expected 36, observed 0
